[    1015ms] [ERROR] Error: Minified React error #418; visit https://reactjs.org/docs/error-decoder.html?invariant=418 for the full message or use the non-minified dev environment for full errors and additional helpful warnings.
    at si (https://uiverse.io/assets/index-CF-y004k.js:22:4907)
    at ya (https://uiverse.io/assets/index-CF-y004k.js:24:45264)
    at va (https://uiverse.io/assets/index-CF-y004k.js:24:39499)
    at kf (https://uiverse.io/assets/index-CF-y004k.js:24:39430)
    at Qr (https://uiverse.io/assets/index-CF-y004k.js:24:39289)
    at da (https://uiverse.io/assets/index-CF-y004k.js:24:34440)
    at E (https://uiverse.io/assets/index-CF-y004k.js:9:1562)
    at MessagePort.rt (https://uiverse.io/assets/index-CF-y004k.js:9:1930) @ https://uiverse.io/assets/components-BiaGfagG.js:117
[    1047ms] Error: Minified React error #425; visit https://reactjs.org/docs/error-decoder.html?invariant=425 for the full message or use the non-minified dev environment for full errors and additional helpful warnings.
    at lr (https://uiverse.io/assets/index-CF-y004k.js:22:68)
    at pf (https://uiverse.io/assets/index-CF-y004k.js:24:16030)
    at ha (https://uiverse.io/assets/index-CF-y004k.js:24:39803)
    at va (https://uiverse.io/assets/index-CF-y004k.js:24:39560)
    at kf (https://uiverse.io/assets/index-CF-y004k.js:24:39430)
    at Qr (https://uiverse.io/assets/index-CF-y004k.js:24:39289)
    at da (https://uiverse.io/assets/index-CF-y004k.js:24:34440)
    at E (https://uiverse.io/assets/index-CF-y004k.js:9:1562)
    at MessagePort.rt (https://uiverse.io/assets/index-CF-y004k.js:9:1930)
[    1053ms] Error: Minified React error #418; visit https://reactjs.org/docs/error-decoder.html?invariant=418 for the full message or use the non-minified dev environment for full errors and additional helpful warnings.
    at si (https://uiverse.io/assets/index-CF-y004k.js:22:4907)
    at ya (https://uiverse.io/assets/index-CF-y004k.js:24:45264)
    at va (https://uiverse.io/assets/index-CF-y004k.js:24:39499)
    at kf (https://uiverse.io/assets/index-CF-y004k.js:24:39430)
    at Qr (https://uiverse.io/assets/index-CF-y004k.js:24:39289)
    at da (https://uiverse.io/assets/index-CF-y004k.js:24:34440)
    at E (https://uiverse.io/assets/index-CF-y004k.js:9:1562)
    at MessagePort.rt (https://uiverse.io/assets/index-CF-y004k.js:9:1930)
[    1054ms] Error: Minified React error #418; visit https://reactjs.org/docs/error-decoder.html?invariant=418 for the full message or use the non-minified dev environment for full errors and additional helpful warnings.
    at si (https://uiverse.io/assets/index-CF-y004k.js:22:4907)
    at ya (https://uiverse.io/assets/index-CF-y004k.js:24:45264)
    at va (https://uiverse.io/assets/index-CF-y004k.js:24:39499)
    at kf (https://uiverse.io/assets/index-CF-y004k.js:24:39430)
    at Qr (https://uiverse.io/assets/index-CF-y004k.js:24:39289)
    at da (https://uiverse.io/assets/index-CF-y004k.js:24:34440)
    at E (https://uiverse.io/assets/index-CF-y004k.js:9:1562)
    at MessagePort.rt (https://uiverse.io/assets/index-CF-y004k.js:9:1930)
[    1054ms] Error: Minified React error #418; visit https://reactjs.org/docs/error-decoder.html?invariant=418 for the full message or use the non-minified dev environment for full errors and additional helpful warnings.
    at si (https://uiverse.io/assets/index-CF-y004k.js:22:4907)
    at ya (https://uiverse.io/assets/index-CF-y004k.js:24:45264)
    at va (https://uiverse.io/assets/index-CF-y004k.js:24:39499)
    at kf (https://uiverse.io/assets/index-CF-y004k.js:24:39430)
    at Qr (https://uiverse.io/assets/index-CF-y004k.js:24:39289)
    at da (https://uiverse.io/assets/index-CF-y004k.js:24:34440)
    at E (https://uiverse.io/assets/index-CF-y004k.js:9:1562)
    at MessagePort.rt (https://uiverse.io/assets/index-CF-y004k.js:9:1930)
[    1054ms] Error: Minified React error #418; visit https://reactjs.org/docs/error-decoder.html?invariant=418 for the full message or use the non-minified dev environment for full errors and additional helpful warnings.
    at si (https://uiverse.io/assets/index-CF-y004k.js:22:4907)
    at ya (https://uiverse.io/assets/index-CF-y004k.js:24:45264)
    at va (https://uiverse.io/assets/index-CF-y004k.js:24:39499)
    at kf (https://uiverse.io/assets/index-CF-y004k.js:24:39430)
    at Qr (https://uiverse.io/assets/index-CF-y004k.js:24:39289)
    at da (https://uiverse.io/assets/index-CF-y004k.js:24:34440)
    at E (https://uiverse.io/assets/index-CF-y004k.js:9:1562)
    at MessagePort.rt (https://uiverse.io/assets/index-CF-y004k.js:9:1930)
[    1054ms] Error: Minified React error #418; visit https://reactjs.org/docs/error-decoder.html?invariant=418 for the full message or use the non-minified dev environment for full errors and additional helpful warnings.
    at si (https://uiverse.io/assets/index-CF-y004k.js:22:4907)
    at ya (https://uiverse.io/assets/index-CF-y004k.js:24:45264)
    at va (https://uiverse.io/assets/index-CF-y004k.js:24:39499)
    at kf (https://uiverse.io/assets/index-CF-y004k.js:24:39430)
    at Qr (https://uiverse.io/assets/index-CF-y004k.js:24:39289)
    at da (https://uiverse.io/assets/index-CF-y004k.js:24:34440)
    at E (https://uiverse.io/assets/index-CF-y004k.js:9:1562)
    at MessagePort.rt (https://uiverse.io/assets/index-CF-y004k.js:9:1930)
[    1054ms] Error: Minified React error #418; visit https://reactjs.org/docs/error-decoder.html?invariant=418 for the full message or use the non-minified dev environment for full errors and additional helpful warnings.
    at si (https://uiverse.io/assets/index-CF-y004k.js:22:4907)
    at ya (https://uiverse.io/assets/index-CF-y004k.js:24:45264)
    at va (https://uiverse.io/assets/index-CF-y004k.js:24:39499)
    at kf (https://uiverse.io/assets/index-CF-y004k.js:24:39430)
    at Qr (https://uiverse.io/assets/index-CF-y004k.js:24:39289)
    at da (https://uiverse.io/assets/index-CF-y004k.js:24:34440)
    at E (https://uiverse.io/assets/index-CF-y004k.js:9:1562)
    at MessagePort.rt (https://uiverse.io/assets/index-CF-y004k.js:9:1930)
[    1054ms] Error: Minified React error #418; visit https://reactjs.org/docs/error-decoder.html?invariant=418 for the full message or use the non-minified dev environment for full errors and additional helpful warnings.
    at si (https://uiverse.io/assets/index-CF-y004k.js:22:4907)
    at ya (https://uiverse.io/assets/index-CF-y004k.js:24:45264)
    at va (https://uiverse.io/assets/index-CF-y004k.js:24:39499)
    at kf (https://uiverse.io/assets/index-CF-y004k.js:24:39430)
    at Qr (https://uiverse.io/assets/index-CF-y004k.js:24:39289)
    at da (https://uiverse.io/assets/index-CF-y004k.js:24:34440)
    at E (https://uiverse.io/assets/index-CF-y004k.js:9:1562)
    at MessagePort.rt (https://uiverse.io/assets/index-CF-y004k.js:9:1930)
[    1054ms] Error: Minified React error #418; visit https://reactjs.org/docs/error-decoder.html?invariant=418 for the full message or use the non-minified dev environment for full errors and additional helpful warnings.
    at si (https://uiverse.io/assets/index-CF-y004k.js:22:4907)
    at ya (https://uiverse.io/assets/index-CF-y004k.js:24:45264)
    at va (https://uiverse.io/assets/index-CF-y004k.js:24:39499)
    at kf (https://uiverse.io/assets/index-CF-y004k.js:24:39430)
    at Qr (https://uiverse.io/assets/index-CF-y004k.js:24:39289)
    at da (https://uiverse.io/assets/index-CF-y004k.js:24:34440)
    at E (https://uiverse.io/assets/index-CF-y004k.js:9:1562)
    at MessagePort.rt (https://uiverse.io/assets/index-CF-y004k.js:9:1930)
[    1054ms] Error: Minified React error #418; visit https://reactjs.org/docs/error-decoder.html?invariant=418 for the full message or use the non-minified dev environment for full errors and additional helpful warnings.
    at si (https://uiverse.io/assets/index-CF-y004k.js:22:4907)
    at ya (https://uiverse.io/assets/index-CF-y004k.js:24:45264)
    at va (https://uiverse.io/assets/index-CF-y004k.js:24:39499)
    at kf (https://uiverse.io/assets/index-CF-y004k.js:24:39430)
    at Qr (https://uiverse.io/assets/index-CF-y004k.js:24:39289)
    at da (https://uiverse.io/assets/index-CF-y004k.js:24:34440)
    at E (https://uiverse.io/assets/index-CF-y004k.js:9:1562)
    at MessagePort.rt (https://uiverse.io/assets/index-CF-y004k.js:9:1930)
[    1054ms] Error: Minified React error #418; visit https://reactjs.org/docs/error-decoder.html?invariant=418 for the full message or use the non-minified dev environment for full errors and additional helpful warnings.
    at si (https://uiverse.io/assets/index-CF-y004k.js:22:4907)
    at ya (https://uiverse.io/assets/index-CF-y004k.js:24:45264)
    at va (https://uiverse.io/assets/index-CF-y004k.js:24:39499)
    at kf (https://uiverse.io/assets/index-CF-y004k.js:24:39430)
    at Qr (https://uiverse.io/assets/index-CF-y004k.js:24:39289)
    at da (https://uiverse.io/assets/index-CF-y004k.js:24:34440)
    at E (https://uiverse.io/assets/index-CF-y004k.js:9:1562)
    at MessagePort.rt (https://uiverse.io/assets/index-CF-y004k.js:9:1930)
[    1055ms] Error: Minified React error #418; visit https://reactjs.org/docs/error-decoder.html?invariant=418 for the full message or use the non-minified dev environment for full errors and additional helpful warnings.
    at si (https://uiverse.io/assets/index-CF-y004k.js:22:4907)
    at ya (https://uiverse.io/assets/index-CF-y004k.js:24:45264)
    at va (https://uiverse.io/assets/index-CF-y004k.js:24:39499)
    at kf (https://uiverse.io/assets/index-CF-y004k.js:24:39430)
    at Qr (https://uiverse.io/assets/index-CF-y004k.js:24:39289)
    at da (https://uiverse.io/assets/index-CF-y004k.js:24:34440)
    at E (https://uiverse.io/assets/index-CF-y004k.js:9:1562)
    at MessagePort.rt (https://uiverse.io/assets/index-CF-y004k.js:9:1930)
[    1055ms] Error: Minified React error #418; visit https://reactjs.org/docs/error-decoder.html?invariant=418 for the full message or use the non-minified dev environment for full errors and additional helpful warnings.
    at si (https://uiverse.io/assets/index-CF-y004k.js:22:4907)
    at ya (https://uiverse.io/assets/index-CF-y004k.js:24:45264)
    at va (https://uiverse.io/assets/index-CF-y004k.js:24:39499)
    at kf (https://uiverse.io/assets/index-CF-y004k.js:24:39430)
    at Qr (https://uiverse.io/assets/index-CF-y004k.js:24:39289)
    at da (https://uiverse.io/assets/index-CF-y004k.js:24:34440)
    at E (https://uiverse.io/assets/index-CF-y004k.js:9:1562)
    at MessagePort.rt (https://uiverse.io/assets/index-CF-y004k.js:9:1930)
[    1055ms] Error: Minified React error #418; visit https://reactjs.org/docs/error-decoder.html?invariant=418 for the full message or use the non-minified dev environment for full errors and additional helpful warnings.
    at si (https://uiverse.io/assets/index-CF-y004k.js:22:4907)
    at ya (https://uiverse.io/assets/index-CF-y004k.js:24:45264)
    at va (https://uiverse.io/assets/index-CF-y004k.js:24:39499)
    at kf (https://uiverse.io/assets/index-CF-y004k.js:24:39430)
    at Qr (https://uiverse.io/assets/index-CF-y004k.js:24:39289)
    at da (https://uiverse.io/assets/index-CF-y004k.js:24:34440)
    at E (https://uiverse.io/assets/index-CF-y004k.js:9:1562)
    at MessagePort.rt (https://uiverse.io/assets/index-CF-y004k.js:9:1930)
[    1055ms] Error: Minified React error #418; visit https://reactjs.org/docs/error-decoder.html?invariant=418 for the full message or use the non-minified dev environment for full errors and additional helpful warnings.
    at si (https://uiverse.io/assets/index-CF-y004k.js:22:4907)
    at ya (https://uiverse.io/assets/index-CF-y004k.js:24:45264)
    at va (https://uiverse.io/assets/index-CF-y004k.js:24:39499)
    at kf (https://uiverse.io/assets/index-CF-y004k.js:24:39430)
    at Qr (https://uiverse.io/assets/index-CF-y004k.js:24:39289)
    at da (https://uiverse.io/assets/index-CF-y004k.js:24:34440)
    at E (https://uiverse.io/assets/index-CF-y004k.js:9:1562)
    at MessagePort.rt (https://uiverse.io/assets/index-CF-y004k.js:9:1930)
[    1055ms] Error: Minified React error #418; visit https://reactjs.org/docs/error-decoder.html?invariant=418 for the full message or use the non-minified dev environment for full errors and additional helpful warnings.
    at si (https://uiverse.io/assets/index-CF-y004k.js:22:4907)
    at ya (https://uiverse.io/assets/index-CF-y004k.js:24:45264)
    at va (https://uiverse.io/assets/index-CF-y004k.js:24:39499)
    at kf (https://uiverse.io/assets/index-CF-y004k.js:24:39430)
    at Qr (https://uiverse.io/assets/index-CF-y004k.js:24:39289)
    at da (https://uiverse.io/assets/index-CF-y004k.js:24:34440)
    at E (https://uiverse.io/assets/index-CF-y004k.js:9:1562)
    at MessagePort.rt (https://uiverse.io/assets/index-CF-y004k.js:9:1930)
[    1055ms] Error: Minified React error #418; visit https://reactjs.org/docs/error-decoder.html?invariant=418 for the full message or use the non-minified dev environment for full errors and additional helpful warnings.
    at si (https://uiverse.io/assets/index-CF-y004k.js:22:4907)
    at ya (https://uiverse.io/assets/index-CF-y004k.js:24:45264)
    at va (https://uiverse.io/assets/index-CF-y004k.js:24:39499)
    at kf (https://uiverse.io/assets/index-CF-y004k.js:24:39430)
    at Qr (https://uiverse.io/assets/index-CF-y004k.js:24:39289)
    at da (https://uiverse.io/assets/index-CF-y004k.js:24:34440)
    at E (https://uiverse.io/assets/index-CF-y004k.js:9:1562)
    at MessagePort.rt (https://uiverse.io/assets/index-CF-y004k.js:9:1930)
[    1055ms] Error: Minified React error #418; visit https://reactjs.org/docs/error-decoder.html?invariant=418 for the full message or use the non-minified dev environment for full errors and additional helpful warnings.
    at si (https://uiverse.io/assets/index-CF-y004k.js:22:4907)
    at ya (https://uiverse.io/assets/index-CF-y004k.js:24:45264)
    at va (https://uiverse.io/assets/index-CF-y004k.js:24:39499)
    at kf (https://uiverse.io/assets/index-CF-y004k.js:24:39430)
    at Qr (https://uiverse.io/assets/index-CF-y004k.js:24:39289)
    at da (https://uiverse.io/assets/index-CF-y004k.js:24:34440)
    at E (https://uiverse.io/assets/index-CF-y004k.js:9:1562)
    at MessagePort.rt (https://uiverse.io/assets/index-CF-y004k.js:9:1930)
[    1058ms] Error: Minified React error #418; visit https://reactjs.org/docs/error-decoder.html?invariant=418 for the full message or use the non-minified dev environment for full errors and additional helpful warnings.
    at si (https://uiverse.io/assets/index-CF-y004k.js:22:4907)
    at ya (https://uiverse.io/assets/index-CF-y004k.js:24:45264)
    at va (https://uiverse.io/assets/index-CF-y004k.js:24:39499)
    at kf (https://uiverse.io/assets/index-CF-y004k.js:24:39430)
    at Qr (https://uiverse.io/assets/index-CF-y004k.js:24:39289)
    at da (https://uiverse.io/assets/index-CF-y004k.js:24:34440)
    at E (https://uiverse.io/assets/index-CF-y004k.js:9:1562)
    at MessagePort.rt (https://uiverse.io/assets/index-CF-y004k.js:9:1930)
[    1058ms] Error: Minified React error #418; visit https://reactjs.org/docs/error-decoder.html?invariant=418 for the full message or use the non-minified dev environment for full errors and additional helpful warnings.
    at si (https://uiverse.io/assets/index-CF-y004k.js:22:4907)
    at ya (https://uiverse.io/assets/index-CF-y004k.js:24:45264)
    at va (https://uiverse.io/assets/index-CF-y004k.js:24:39499)
    at kf (https://uiverse.io/assets/index-CF-y004k.js:24:39430)
    at Qr (https://uiverse.io/assets/index-CF-y004k.js:24:39289)
    at da (https://uiverse.io/assets/index-CF-y004k.js:24:34440)
    at E (https://uiverse.io/assets/index-CF-y004k.js:9:1562)
    at MessagePort.rt (https://uiverse.io/assets/index-CF-y004k.js:9:1930)
[    1058ms] Error: Minified React error #418; visit https://reactjs.org/docs/error-decoder.html?invariant=418 for the full message or use the non-minified dev environment for full errors and additional helpful warnings.
    at si (https://uiverse.io/assets/index-CF-y004k.js:22:4907)
    at ya (https://uiverse.io/assets/index-CF-y004k.js:24:45264)
    at va (https://uiverse.io/assets/index-CF-y004k.js:24:39499)
    at kf (https://uiverse.io/assets/index-CF-y004k.js:24:39430)
    at Qr (https://uiverse.io/assets/index-CF-y004k.js:24:39289)
    at da (https://uiverse.io/assets/index-CF-y004k.js:24:34440)
    at E (https://uiverse.io/assets/index-CF-y004k.js:9:1562)
    at MessagePort.rt (https://uiverse.io/assets/index-CF-y004k.js:9:1930)
[    1059ms] Error: Minified React error #418; visit https://reactjs.org/docs/error-decoder.html?invariant=418 for the full message or use the non-minified dev environment for full errors and additional helpful warnings.
    at si (https://uiverse.io/assets/index-CF-y004k.js:22:4907)
    at ya (https://uiverse.io/assets/index-CF-y004k.js:24:45264)
    at va (https://uiverse.io/assets/index-CF-y004k.js:24:39499)
    at kf (https://uiverse.io/assets/index-CF-y004k.js:24:39430)
    at Qr (https://uiverse.io/assets/index-CF-y004k.js:24:39289)
    at da (https://uiverse.io/assets/index-CF-y004k.js:24:34440)
    at E (https://uiverse.io/assets/index-CF-y004k.js:9:1562)
    at MessagePort.rt (https://uiverse.io/assets/index-CF-y004k.js:9:1930)
[    1059ms] Error: Minified React error #418; visit https://reactjs.org/docs/error-decoder.html?invariant=418 for the full message or use the non-minified dev environment for full errors and additional helpful warnings.
    at si (https://uiverse.io/assets/index-CF-y004k.js:22:4907)
    at ya (https://uiverse.io/assets/index-CF-y004k.js:24:45264)
    at va (https://uiverse.io/assets/index-CF-y004k.js:24:39499)
    at kf (https://uiverse.io/assets/index-CF-y004k.js:24:39430)
    at Qr (https://uiverse.io/assets/index-CF-y004k.js:24:39289)
    at da (https://uiverse.io/assets/index-CF-y004k.js:24:34440)
    at E (https://uiverse.io/assets/index-CF-y004k.js:9:1562)
    at MessagePort.rt (https://uiverse.io/assets/index-CF-y004k.js:9:1930)
[    1059ms] Error: Minified React error #418; visit https://reactjs.org/docs/error-decoder.html?invariant=418 for the full message or use the non-minified dev environment for full errors and additional helpful warnings.
    at si (https://uiverse.io/assets/index-CF-y004k.js:22:4907)
    at ya (https://uiverse.io/assets/index-CF-y004k.js:24:45264)
    at va (https://uiverse.io/assets/index-CF-y004k.js:24:39499)
    at kf (https://uiverse.io/assets/index-CF-y004k.js:24:39430)
    at Qr (https://uiverse.io/assets/index-CF-y004k.js:24:39289)
    at da (https://uiverse.io/assets/index-CF-y004k.js:24:34440)
    at E (https://uiverse.io/assets/index-CF-y004k.js:9:1562)
    at MessagePort.rt (https://uiverse.io/assets/index-CF-y004k.js:9:1930)
[    1059ms] Error: Minified React error #418; visit https://reactjs.org/docs/error-decoder.html?invariant=418 for the full message or use the non-minified dev environment for full errors and additional helpful warnings.
    at si (https://uiverse.io/assets/index-CF-y004k.js:22:4907)
    at ya (https://uiverse.io/assets/index-CF-y004k.js:24:45264)
    at va (https://uiverse.io/assets/index-CF-y004k.js:24:39499)
    at kf (https://uiverse.io/assets/index-CF-y004k.js:24:39430)
    at Qr (https://uiverse.io/assets/index-CF-y004k.js:24:39289)
    at da (https://uiverse.io/assets/index-CF-y004k.js:24:34440)
    at E (https://uiverse.io/assets/index-CF-y004k.js:9:1562)
    at MessagePort.rt (https://uiverse.io/assets/index-CF-y004k.js:9:1930)
[    1059ms] Error: Minified React error #418; visit https://reactjs.org/docs/error-decoder.html?invariant=418 for the full message or use the non-minified dev environment for full errors and additional helpful warnings.
    at si (https://uiverse.io/assets/index-CF-y004k.js:22:4907)
    at ya (https://uiverse.io/assets/index-CF-y004k.js:24:45264)
    at va (https://uiverse.io/assets/index-CF-y004k.js:24:39499)
    at kf (https://uiverse.io/assets/index-CF-y004k.js:24:39430)
    at Qr (https://uiverse.io/assets/index-CF-y004k.js:24:39289)
    at da (https://uiverse.io/assets/index-CF-y004k.js:24:34440)
    at E (https://uiverse.io/assets/index-CF-y004k.js:9:1562)
    at MessagePort.rt (https://uiverse.io/assets/index-CF-y004k.js:9:1930)
[    1059ms] Error: Minified React error #418; visit https://reactjs.org/docs/error-decoder.html?invariant=418 for the full message or use the non-minified dev environment for full errors and additional helpful warnings.
    at si (https://uiverse.io/assets/index-CF-y004k.js:22:4907)
    at ya (https://uiverse.io/assets/index-CF-y004k.js:24:45264)
    at va (https://uiverse.io/assets/index-CF-y004k.js:24:39499)
    at kf (https://uiverse.io/assets/index-CF-y004k.js:24:39430)
    at Qr (https://uiverse.io/assets/index-CF-y004k.js:24:39289)
    at da (https://uiverse.io/assets/index-CF-y004k.js:24:34440)
    at E (https://uiverse.io/assets/index-CF-y004k.js:9:1562)
    at MessagePort.rt (https://uiverse.io/assets/index-CF-y004k.js:9:1930)
[    1059ms] Error: Minified React error #418; visit https://reactjs.org/docs/error-decoder.html?invariant=418 for the full message or use the non-minified dev environment for full errors and additional helpful warnings.
    at si (https://uiverse.io/assets/index-CF-y004k.js:22:4907)
    at ya (https://uiverse.io/assets/index-CF-y004k.js:24:45264)
    at va (https://uiverse.io/assets/index-CF-y004k.js:24:39499)
    at kf (https://uiverse.io/assets/index-CF-y004k.js:24:39430)
    at Qr (https://uiverse.io/assets/index-CF-y004k.js:24:39289)
    at da (https://uiverse.io/assets/index-CF-y004k.js:24:34440)
    at E (https://uiverse.io/assets/index-CF-y004k.js:9:1562)
    at MessagePort.rt (https://uiverse.io/assets/index-CF-y004k.js:9:1930)
[    1059ms] Error: Minified React error #418; visit https://reactjs.org/docs/error-decoder.html?invariant=418 for the full message or use the non-minified dev environment for full errors and additional helpful warnings.
    at si (https://uiverse.io/assets/index-CF-y004k.js:22:4907)
    at ya (https://uiverse.io/assets/index-CF-y004k.js:24:45264)
    at va (https://uiverse.io/assets/index-CF-y004k.js:24:39499)
    at kf (https://uiverse.io/assets/index-CF-y004k.js:24:39430)
    at Qr (https://uiverse.io/assets/index-CF-y004k.js:24:39289)
    at da (https://uiverse.io/assets/index-CF-y004k.js:24:34440)
    at E (https://uiverse.io/assets/index-CF-y004k.js:9:1562)
    at MessagePort.rt (https://uiverse.io/assets/index-CF-y004k.js:9:1930)
[    1059ms] Error: Minified React error #418; visit https://reactjs.org/docs/error-decoder.html?invariant=418 for the full message or use the non-minified dev environment for full errors and additional helpful warnings.
    at si (https://uiverse.io/assets/index-CF-y004k.js:22:4907)
    at ya (https://uiverse.io/assets/index-CF-y004k.js:24:45264)
    at va (https://uiverse.io/assets/index-CF-y004k.js:24:39499)
    at kf (https://uiverse.io/assets/index-CF-y004k.js:24:39430)
    at Qr (https://uiverse.io/assets/index-CF-y004k.js:24:39289)
    at da (https://uiverse.io/assets/index-CF-y004k.js:24:34440)
    at E (https://uiverse.io/assets/index-CF-y004k.js:9:1562)
    at MessagePort.rt (https://uiverse.io/assets/index-CF-y004k.js:9:1930)
[    1059ms] Error: Minified React error #418; visit https://reactjs.org/docs/error-decoder.html?invariant=418 for the full message or use the non-minified dev environment for full errors and additional helpful warnings.
    at si (https://uiverse.io/assets/index-CF-y004k.js:22:4907)
    at ya (https://uiverse.io/assets/index-CF-y004k.js:24:45264)
    at va (https://uiverse.io/assets/index-CF-y004k.js:24:39499)
    at kf (https://uiverse.io/assets/index-CF-y004k.js:24:39430)
    at Qr (https://uiverse.io/assets/index-CF-y004k.js:24:39289)
    at da (https://uiverse.io/assets/index-CF-y004k.js:24:34440)
    at E (https://uiverse.io/assets/index-CF-y004k.js:9:1562)
    at MessagePort.rt (https://uiverse.io/assets/index-CF-y004k.js:9:1930)
[    1059ms] Error: Minified React error #418; visit https://reactjs.org/docs/error-decoder.html?invariant=418 for the full message or use the non-minified dev environment for full errors and additional helpful warnings.
    at si (https://uiverse.io/assets/index-CF-y004k.js:22:4907)
    at ya (https://uiverse.io/assets/index-CF-y004k.js:24:45264)
    at va (https://uiverse.io/assets/index-CF-y004k.js:24:39499)
    at kf (https://uiverse.io/assets/index-CF-y004k.js:24:39430)
    at Qr (https://uiverse.io/assets/index-CF-y004k.js:24:39289)
    at da (https://uiverse.io/assets/index-CF-y004k.js:24:34440)
    at E (https://uiverse.io/assets/index-CF-y004k.js:9:1562)
    at MessagePort.rt (https://uiverse.io/assets/index-CF-y004k.js:9:1930)
[    1059ms] Error: Minified React error #418; visit https://reactjs.org/docs/error-decoder.html?invariant=418 for the full message or use the non-minified dev environment for full errors and additional helpful warnings.
    at si (https://uiverse.io/assets/index-CF-y004k.js:22:4907)
    at ya (https://uiverse.io/assets/index-CF-y004k.js:24:45264)
    at va (https://uiverse.io/assets/index-CF-y004k.js:24:39499)
    at kf (https://uiverse.io/assets/index-CF-y004k.js:24:39430)
    at Qr (https://uiverse.io/assets/index-CF-y004k.js:24:39289)
    at da (https://uiverse.io/assets/index-CF-y004k.js:24:34440)
    at E (https://uiverse.io/assets/index-CF-y004k.js:9:1562)
    at MessagePort.rt (https://uiverse.io/assets/index-CF-y004k.js:9:1930)
[    1059ms] Error: Minified React error #418; visit https://reactjs.org/docs/error-decoder.html?invariant=418 for the full message or use the non-minified dev environment for full errors and additional helpful warnings.
    at si (https://uiverse.io/assets/index-CF-y004k.js:22:4907)
    at ya (https://uiverse.io/assets/index-CF-y004k.js:24:45264)
    at va (https://uiverse.io/assets/index-CF-y004k.js:24:39499)
    at kf (https://uiverse.io/assets/index-CF-y004k.js:24:39430)
    at Qr (https://uiverse.io/assets/index-CF-y004k.js:24:39289)
    at da (https://uiverse.io/assets/index-CF-y004k.js:24:34440)
    at E (https://uiverse.io/assets/index-CF-y004k.js:9:1562)
    at MessagePort.rt (https://uiverse.io/assets/index-CF-y004k.js:9:1930)
[    1059ms] Error: Minified React error #418; visit https://reactjs.org/docs/error-decoder.html?invariant=418 for the full message or use the non-minified dev environment for full errors and additional helpful warnings.
    at si (https://uiverse.io/assets/index-CF-y004k.js:22:4907)
    at ya (https://uiverse.io/assets/index-CF-y004k.js:24:45264)
    at va (https://uiverse.io/assets/index-CF-y004k.js:24:39499)
    at kf (https://uiverse.io/assets/index-CF-y004k.js:24:39430)
    at Qr (https://uiverse.io/assets/index-CF-y004k.js:24:39289)
    at da (https://uiverse.io/assets/index-CF-y004k.js:24:34440)
    at E (https://uiverse.io/assets/index-CF-y004k.js:9:1562)
    at MessagePort.rt (https://uiverse.io/assets/index-CF-y004k.js:9:1930)
[    1059ms] Error: Minified React error #418; visit https://reactjs.org/docs/error-decoder.html?invariant=418 for the full message or use the non-minified dev environment for full errors and additional helpful warnings.
    at si (https://uiverse.io/assets/index-CF-y004k.js:22:4907)
    at ya (https://uiverse.io/assets/index-CF-y004k.js:24:45264)
    at va (https://uiverse.io/assets/index-CF-y004k.js:24:39499)
    at kf (https://uiverse.io/assets/index-CF-y004k.js:24:39430)
    at Qr (https://uiverse.io/assets/index-CF-y004k.js:24:39289)
    at da (https://uiverse.io/assets/index-CF-y004k.js:24:34440)
    at E (https://uiverse.io/assets/index-CF-y004k.js:9:1562)
    at MessagePort.rt (https://uiverse.io/assets/index-CF-y004k.js:9:1930)
[    1059ms] Error: Minified React error #418; visit https://reactjs.org/docs/error-decoder.html?invariant=418 for the full message or use the non-minified dev environment for full errors and additional helpful warnings.
    at si (https://uiverse.io/assets/index-CF-y004k.js:22:4907)
    at ya (https://uiverse.io/assets/index-CF-y004k.js:24:45264)
    at va (https://uiverse.io/assets/index-CF-y004k.js:24:39499)
    at kf (https://uiverse.io/assets/index-CF-y004k.js:24:39430)
    at Qr (https://uiverse.io/assets/index-CF-y004k.js:24:39289)
    at da (https://uiverse.io/assets/index-CF-y004k.js:24:34440)
    at E (https://uiverse.io/assets/index-CF-y004k.js:9:1562)
    at MessagePort.rt (https://uiverse.io/assets/index-CF-y004k.js:9:1930)
[    1059ms] Error: Minified React error #418; visit https://reactjs.org/docs/error-decoder.html?invariant=418 for the full message or use the non-minified dev environment for full errors and additional helpful warnings.
    at si (https://uiverse.io/assets/index-CF-y004k.js:22:4907)
    at ya (https://uiverse.io/assets/index-CF-y004k.js:24:45264)
    at va (https://uiverse.io/assets/index-CF-y004k.js:24:39499)
    at kf (https://uiverse.io/assets/index-CF-y004k.js:24:39430)
    at Qr (https://uiverse.io/assets/index-CF-y004k.js:24:39289)
    at da (https://uiverse.io/assets/index-CF-y004k.js:24:34440)
    at E (https://uiverse.io/assets/index-CF-y004k.js:9:1562)
    at MessagePort.rt (https://uiverse.io/assets/index-CF-y004k.js:9:1930)
[    1059ms] Error: Minified React error #418; visit https://reactjs.org/docs/error-decoder.html?invariant=418 for the full message or use the non-minified dev environment for full errors and additional helpful warnings.
    at si (https://uiverse.io/assets/index-CF-y004k.js:22:4907)
    at ya (https://uiverse.io/assets/index-CF-y004k.js:24:45264)
    at va (https://uiverse.io/assets/index-CF-y004k.js:24:39499)
    at kf (https://uiverse.io/assets/index-CF-y004k.js:24:39430)
    at Qr (https://uiverse.io/assets/index-CF-y004k.js:24:39289)
    at da (https://uiverse.io/assets/index-CF-y004k.js:24:34440)
    at E (https://uiverse.io/assets/index-CF-y004k.js:9:1562)
    at MessagePort.rt (https://uiverse.io/assets/index-CF-y004k.js:9:1930)
[    1060ms] Error: Minified React error #418; visit https://reactjs.org/docs/error-decoder.html?invariant=418 for the full message or use the non-minified dev environment for full errors and additional helpful warnings.
    at si (https://uiverse.io/assets/index-CF-y004k.js:22:4907)
    at ya (https://uiverse.io/assets/index-CF-y004k.js:24:45264)
    at va (https://uiverse.io/assets/index-CF-y004k.js:24:39499)
    at kf (https://uiverse.io/assets/index-CF-y004k.js:24:39430)
    at Qr (https://uiverse.io/assets/index-CF-y004k.js:24:39289)
    at da (https://uiverse.io/assets/index-CF-y004k.js:24:34440)
    at E (https://uiverse.io/assets/index-CF-y004k.js:9:1562)
    at MessagePort.rt (https://uiverse.io/assets/index-CF-y004k.js:9:1930)
[    1060ms] Error: Minified React error #418; visit https://reactjs.org/docs/error-decoder.html?invariant=418 for the full message or use the non-minified dev environment for full errors and additional helpful warnings.
    at si (https://uiverse.io/assets/index-CF-y004k.js:22:4907)
    at ya (https://uiverse.io/assets/index-CF-y004k.js:24:45264)
    at va (https://uiverse.io/assets/index-CF-y004k.js:24:39499)
    at kf (https://uiverse.io/assets/index-CF-y004k.js:24:39430)
    at Qr (https://uiverse.io/assets/index-CF-y004k.js:24:39289)
    at da (https://uiverse.io/assets/index-CF-y004k.js:24:34440)
    at E (https://uiverse.io/assets/index-CF-y004k.js:9:1562)
    at MessagePort.rt (https://uiverse.io/assets/index-CF-y004k.js:9:1930)
[    1060ms] Error: Minified React error #418; visit https://reactjs.org/docs/error-decoder.html?invariant=418 for the full message or use the non-minified dev environment for full errors and additional helpful warnings.
    at si (https://uiverse.io/assets/index-CF-y004k.js:22:4907)
    at ya (https://uiverse.io/assets/index-CF-y004k.js:24:45264)
    at va (https://uiverse.io/assets/index-CF-y004k.js:24:39499)
    at kf (https://uiverse.io/assets/index-CF-y004k.js:24:39430)
    at Qr (https://uiverse.io/assets/index-CF-y004k.js:24:39289)
    at da (https://uiverse.io/assets/index-CF-y004k.js:24:34440)
    at E (https://uiverse.io/assets/index-CF-y004k.js:9:1562)
    at MessagePort.rt (https://uiverse.io/assets/index-CF-y004k.js:9:1930)
[    1060ms] Error: Minified React error #418; visit https://reactjs.org/docs/error-decoder.html?invariant=418 for the full message or use the non-minified dev environment for full errors and additional helpful warnings.
    at si (https://uiverse.io/assets/index-CF-y004k.js:22:4907)
    at ya (https://uiverse.io/assets/index-CF-y004k.js:24:45264)
    at va (https://uiverse.io/assets/index-CF-y004k.js:24:39499)
    at kf (https://uiverse.io/assets/index-CF-y004k.js:24:39430)
    at Qr (https://uiverse.io/assets/index-CF-y004k.js:24:39289)
    at da (https://uiverse.io/assets/index-CF-y004k.js:24:34440)
    at E (https://uiverse.io/assets/index-CF-y004k.js:9:1562)
    at MessagePort.rt (https://uiverse.io/assets/index-CF-y004k.js:9:1930)
[    1060ms] Error: Minified React error #418; visit https://reactjs.org/docs/error-decoder.html?invariant=418 for the full message or use the non-minified dev environment for full errors and additional helpful warnings.
    at si (https://uiverse.io/assets/index-CF-y004k.js:22:4907)
    at ya (https://uiverse.io/assets/index-CF-y004k.js:24:45264)
    at va (https://uiverse.io/assets/index-CF-y004k.js:24:39499)
    at kf (https://uiverse.io/assets/index-CF-y004k.js:24:39430)
    at Qr (https://uiverse.io/assets/index-CF-y004k.js:24:39289)
    at da (https://uiverse.io/assets/index-CF-y004k.js:24:34440)
    at E (https://uiverse.io/assets/index-CF-y004k.js:9:1562)
    at MessagePort.rt (https://uiverse.io/assets/index-CF-y004k.js:9:1930)
[    1064ms] Error: Minified React error #418; visit https://reactjs.org/docs/error-decoder.html?invariant=418 for the full message or use the non-minified dev environment for full errors and additional helpful warnings.
    at si (https://uiverse.io/assets/index-CF-y004k.js:22:4907)
    at ya (https://uiverse.io/assets/index-CF-y004k.js:24:45264)
    at va (https://uiverse.io/assets/index-CF-y004k.js:24:39499)
    at kf (https://uiverse.io/assets/index-CF-y004k.js:24:39430)
    at Qr (https://uiverse.io/assets/index-CF-y004k.js:24:39289)
    at da (https://uiverse.io/assets/index-CF-y004k.js:24:34440)
    at E (https://uiverse.io/assets/index-CF-y004k.js:9:1562)
    at MessagePort.rt (https://uiverse.io/assets/index-CF-y004k.js:9:1930)
[    1064ms] Error: Minified React error #418; visit https://reactjs.org/docs/error-decoder.html?invariant=418 for the full message or use the non-minified dev environment for full errors and additional helpful warnings.
    at si (https://uiverse.io/assets/index-CF-y004k.js:22:4907)
    at ya (https://uiverse.io/assets/index-CF-y004k.js:24:45264)
    at va (https://uiverse.io/assets/index-CF-y004k.js:24:39499)
    at kf (https://uiverse.io/assets/index-CF-y004k.js:24:39430)
    at Qr (https://uiverse.io/assets/index-CF-y004k.js:24:39289)
    at da (https://uiverse.io/assets/index-CF-y004k.js:24:34440)
    at E (https://uiverse.io/assets/index-CF-y004k.js:9:1562)
    at MessagePort.rt (https://uiverse.io/assets/index-CF-y004k.js:9:1930)
[    1064ms] Error: Minified React error #418; visit https://reactjs.org/docs/error-decoder.html?invariant=418 for the full message or use the non-minified dev environment for full errors and additional helpful warnings.
    at si (https://uiverse.io/assets/index-CF-y004k.js:22:4907)
    at ya (https://uiverse.io/assets/index-CF-y004k.js:24:45264)
    at va (https://uiverse.io/assets/index-CF-y004k.js:24:39499)
    at kf (https://uiverse.io/assets/index-CF-y004k.js:24:39430)
    at Qr (https://uiverse.io/assets/index-CF-y004k.js:24:39289)
    at da (https://uiverse.io/assets/index-CF-y004k.js:24:34440)
    at E (https://uiverse.io/assets/index-CF-y004k.js:9:1562)
    at MessagePort.rt (https://uiverse.io/assets/index-CF-y004k.js:9:1930)
[    1064ms] Error: Minified React error #418; visit https://reactjs.org/docs/error-decoder.html?invariant=418 for the full message or use the non-minified dev environment for full errors and additional helpful warnings.
    at si (https://uiverse.io/assets/index-CF-y004k.js:22:4907)
    at ya (https://uiverse.io/assets/index-CF-y004k.js:24:45264)
    at va (https://uiverse.io/assets/index-CF-y004k.js:24:39499)
    at kf (https://uiverse.io/assets/index-CF-y004k.js:24:39430)
    at Qr (https://uiverse.io/assets/index-CF-y004k.js:24:39289)
    at da (https://uiverse.io/assets/index-CF-y004k.js:24:34440)
    at E (https://uiverse.io/assets/index-CF-y004k.js:9:1562)
    at MessagePort.rt (https://uiverse.io/assets/index-CF-y004k.js:9:1930)
[    1064ms] Error: Minified React error #418; visit https://reactjs.org/docs/error-decoder.html?invariant=418 for the full message or use the non-minified dev environment for full errors and additional helpful warnings.
    at si (https://uiverse.io/assets/index-CF-y004k.js:22:4907)
    at ya (https://uiverse.io/assets/index-CF-y004k.js:24:45264)
    at va (https://uiverse.io/assets/index-CF-y004k.js:24:39499)
    at kf (https://uiverse.io/assets/index-CF-y004k.js:24:39430)
    at Qr (https://uiverse.io/assets/index-CF-y004k.js:24:39289)
    at da (https://uiverse.io/assets/index-CF-y004k.js:24:34440)
    at E (https://uiverse.io/assets/index-CF-y004k.js:9:1562)
    at MessagePort.rt (https://uiverse.io/assets/index-CF-y004k.js:9:1930)
[    1064ms] Error: Minified React error #418; visit https://reactjs.org/docs/error-decoder.html?invariant=418 for the full message or use the non-minified dev environment for full errors and additional helpful warnings.
    at si (https://uiverse.io/assets/index-CF-y004k.js:22:4907)
    at ya (https://uiverse.io/assets/index-CF-y004k.js:24:45264)
    at va (https://uiverse.io/assets/index-CF-y004k.js:24:39499)
    at kf (https://uiverse.io/assets/index-CF-y004k.js:24:39430)
    at Qr (https://uiverse.io/assets/index-CF-y004k.js:24:39289)
    at da (https://uiverse.io/assets/index-CF-y004k.js:24:34440)
    at E (https://uiverse.io/assets/index-CF-y004k.js:9:1562)
    at MessagePort.rt (https://uiverse.io/assets/index-CF-y004k.js:9:1930)
[    1064ms] Error: Minified React error #418; visit https://reactjs.org/docs/error-decoder.html?invariant=418 for the full message or use the non-minified dev environment for full errors and additional helpful warnings.
    at si (https://uiverse.io/assets/index-CF-y004k.js:22:4907)
    at ya (https://uiverse.io/assets/index-CF-y004k.js:24:45264)
    at va (https://uiverse.io/assets/index-CF-y004k.js:24:39499)
    at kf (https://uiverse.io/assets/index-CF-y004k.js:24:39430)
    at Qr (https://uiverse.io/assets/index-CF-y004k.js:24:39289)
    at da (https://uiverse.io/assets/index-CF-y004k.js:24:34440)
    at E (https://uiverse.io/assets/index-CF-y004k.js:9:1562)
    at MessagePort.rt (https://uiverse.io/assets/index-CF-y004k.js:9:1930)
[    1064ms] Error: Minified React error #418; visit https://reactjs.org/docs/error-decoder.html?invariant=418 for the full message or use the non-minified dev environment for full errors and additional helpful warnings.
    at si (https://uiverse.io/assets/index-CF-y004k.js:22:4907)
    at ya (https://uiverse.io/assets/index-CF-y004k.js:24:45264)
    at va (https://uiverse.io/assets/index-CF-y004k.js:24:39499)
    at kf (https://uiverse.io/assets/index-CF-y004k.js:24:39430)
    at Qr (https://uiverse.io/assets/index-CF-y004k.js:24:39289)
    at da (https://uiverse.io/assets/index-CF-y004k.js:24:34440)
    at E (https://uiverse.io/assets/index-CF-y004k.js:9:1562)
    at MessagePort.rt (https://uiverse.io/assets/index-CF-y004k.js:9:1930)
[    1064ms] Error: Minified React error #418; visit https://reactjs.org/docs/error-decoder.html?invariant=418 for the full message or use the non-minified dev environment for full errors and additional helpful warnings.
    at si (https://uiverse.io/assets/index-CF-y004k.js:22:4907)
    at ya (https://uiverse.io/assets/index-CF-y004k.js:24:45264)
    at va (https://uiverse.io/assets/index-CF-y004k.js:24:39499)
    at kf (https://uiverse.io/assets/index-CF-y004k.js:24:39430)
    at Qr (https://uiverse.io/assets/index-CF-y004k.js:24:39289)
    at da (https://uiverse.io/assets/index-CF-y004k.js:24:34440)
    at E (https://uiverse.io/assets/index-CF-y004k.js:9:1562)
    at MessagePort.rt (https://uiverse.io/assets/index-CF-y004k.js:9:1930)
[    1064ms] Error: Minified React error #418; visit https://reactjs.org/docs/error-decoder.html?invariant=418 for the full message or use the non-minified dev environment for full errors and additional helpful warnings.
    at si (https://uiverse.io/assets/index-CF-y004k.js:22:4907)
    at ya (https://uiverse.io/assets/index-CF-y004k.js:24:45264)
    at va (https://uiverse.io/assets/index-CF-y004k.js:24:39499)
    at kf (https://uiverse.io/assets/index-CF-y004k.js:24:39430)
    at Qr (https://uiverse.io/assets/index-CF-y004k.js:24:39289)
    at da (https://uiverse.io/assets/index-CF-y004k.js:24:34440)
    at E (https://uiverse.io/assets/index-CF-y004k.js:9:1562)
    at MessagePort.rt (https://uiverse.io/assets/index-CF-y004k.js:9:1930)
[    1064ms] Error: Minified React error #418; visit https://reactjs.org/docs/error-decoder.html?invariant=418 for the full message or use the non-minified dev environment for full errors and additional helpful warnings.
    at si (https://uiverse.io/assets/index-CF-y004k.js:22:4907)
    at ya (https://uiverse.io/assets/index-CF-y004k.js:24:45264)
    at va (https://uiverse.io/assets/index-CF-y004k.js:24:39499)
    at kf (https://uiverse.io/assets/index-CF-y004k.js:24:39430)
    at Qr (https://uiverse.io/assets/index-CF-y004k.js:24:39289)
    at da (https://uiverse.io/assets/index-CF-y004k.js:24:34440)
    at E (https://uiverse.io/assets/index-CF-y004k.js:9:1562)
    at MessagePort.rt (https://uiverse.io/assets/index-CF-y004k.js:9:1930)
[    1064ms] Error: Minified React error #418; visit https://reactjs.org/docs/error-decoder.html?invariant=418 for the full message or use the non-minified dev environment for full errors and additional helpful warnings.
    at si (https://uiverse.io/assets/index-CF-y004k.js:22:4907)
    at ya (https://uiverse.io/assets/index-CF-y004k.js:24:45264)
    at va (https://uiverse.io/assets/index-CF-y004k.js:24:39499)
    at kf (https://uiverse.io/assets/index-CF-y004k.js:24:39430)
    at Qr (https://uiverse.io/assets/index-CF-y004k.js:24:39289)
    at da (https://uiverse.io/assets/index-CF-y004k.js:24:34440)
    at E (https://uiverse.io/assets/index-CF-y004k.js:9:1562)
    at MessagePort.rt (https://uiverse.io/assets/index-CF-y004k.js:9:1930)
[    1064ms] Error: Minified React error #418; visit https://reactjs.org/docs/error-decoder.html?invariant=418 for the full message or use the non-minified dev environment for full errors and additional helpful warnings.
    at si (https://uiverse.io/assets/index-CF-y004k.js:22:4907)
    at ya (https://uiverse.io/assets/index-CF-y004k.js:24:45264)
    at va (https://uiverse.io/assets/index-CF-y004k.js:24:39499)
    at kf (https://uiverse.io/assets/index-CF-y004k.js:24:39430)
    at Qr (https://uiverse.io/assets/index-CF-y004k.js:24:39289)
    at da (https://uiverse.io/assets/index-CF-y004k.js:24:34440)
    at E (https://uiverse.io/assets/index-CF-y004k.js:9:1562)
    at MessagePort.rt (https://uiverse.io/assets/index-CF-y004k.js:9:1930)
[    1064ms] Error: Minified React error #418; visit https://reactjs.org/docs/error-decoder.html?invariant=418 for the full message or use the non-minified dev environment for full errors and additional helpful warnings.
    at si (https://uiverse.io/assets/index-CF-y004k.js:22:4907)
    at ya (https://uiverse.io/assets/index-CF-y004k.js:24:45264)
    at va (https://uiverse.io/assets/index-CF-y004k.js:24:39499)
    at kf (https://uiverse.io/assets/index-CF-y004k.js:24:39430)
    at Qr (https://uiverse.io/assets/index-CF-y004k.js:24:39289)
    at da (https://uiverse.io/assets/index-CF-y004k.js:24:34440)
    at E (https://uiverse.io/assets/index-CF-y004k.js:9:1562)
    at MessagePort.rt (https://uiverse.io/assets/index-CF-y004k.js:9:1930)
[    1064ms] Error: Minified React error #418; visit https://reactjs.org/docs/error-decoder.html?invariant=418 for the full message or use the non-minified dev environment for full errors and additional helpful warnings.
    at si (https://uiverse.io/assets/index-CF-y004k.js:22:4907)
    at ya (https://uiverse.io/assets/index-CF-y004k.js:24:45264)
    at va (https://uiverse.io/assets/index-CF-y004k.js:24:39499)
    at kf (https://uiverse.io/assets/index-CF-y004k.js:24:39430)
    at Qr (https://uiverse.io/assets/index-CF-y004k.js:24:39289)
    at da (https://uiverse.io/assets/index-CF-y004k.js:24:34440)
    at E (https://uiverse.io/assets/index-CF-y004k.js:9:1562)
    at MessagePort.rt (https://uiverse.io/assets/index-CF-y004k.js:9:1930)
[    1064ms] Error: Minified React error #418; visit https://reactjs.org/docs/error-decoder.html?invariant=418 for the full message or use the non-minified dev environment for full errors and additional helpful warnings.
    at si (https://uiverse.io/assets/index-CF-y004k.js:22:4907)
    at ya (https://uiverse.io/assets/index-CF-y004k.js:24:45264)
    at va (https://uiverse.io/assets/index-CF-y004k.js:24:39499)
    at kf (https://uiverse.io/assets/index-CF-y004k.js:24:39430)
    at Qr (https://uiverse.io/assets/index-CF-y004k.js:24:39289)
    at da (https://uiverse.io/assets/index-CF-y004k.js:24:34440)
    at E (https://uiverse.io/assets/index-CF-y004k.js:9:1562)
    at MessagePort.rt (https://uiverse.io/assets/index-CF-y004k.js:9:1930)
[    1065ms] Error: Minified React error #418; visit https://reactjs.org/docs/error-decoder.html?invariant=418 for the full message or use the non-minified dev environment for full errors and additional helpful warnings.
    at si (https://uiverse.io/assets/index-CF-y004k.js:22:4907)
    at ya (https://uiverse.io/assets/index-CF-y004k.js:24:45264)
    at va (https://uiverse.io/assets/index-CF-y004k.js:24:39499)
    at kf (https://uiverse.io/assets/index-CF-y004k.js:24:39430)
    at Qr (https://uiverse.io/assets/index-CF-y004k.js:24:39289)
    at da (https://uiverse.io/assets/index-CF-y004k.js:24:34440)
    at E (https://uiverse.io/assets/index-CF-y004k.js:9:1562)
    at MessagePort.rt (https://uiverse.io/assets/index-CF-y004k.js:9:1930)
[    1065ms] Error: Minified React error #418; visit https://reactjs.org/docs/error-decoder.html?invariant=418 for the full message or use the non-minified dev environment for full errors and additional helpful warnings.
    at si (https://uiverse.io/assets/index-CF-y004k.js:22:4907)
    at ya (https://uiverse.io/assets/index-CF-y004k.js:24:45264)
    at va (https://uiverse.io/assets/index-CF-y004k.js:24:39499)
    at kf (https://uiverse.io/assets/index-CF-y004k.js:24:39430)
    at Qr (https://uiverse.io/assets/index-CF-y004k.js:24:39289)
    at da (https://uiverse.io/assets/index-CF-y004k.js:24:34440)
    at E (https://uiverse.io/assets/index-CF-y004k.js:9:1562)
    at MessagePort.rt (https://uiverse.io/assets/index-CF-y004k.js:9:1930)
[    1065ms] Error: Minified React error #418; visit https://reactjs.org/docs/error-decoder.html?invariant=418 for the full message or use the non-minified dev environment for full errors and additional helpful warnings.
    at si (https://uiverse.io/assets/index-CF-y004k.js:22:4907)
    at ya (https://uiverse.io/assets/index-CF-y004k.js:24:45264)
    at va (https://uiverse.io/assets/index-CF-y004k.js:24:39499)
    at kf (https://uiverse.io/assets/index-CF-y004k.js:24:39430)
    at Qr (https://uiverse.io/assets/index-CF-y004k.js:24:39289)
    at da (https://uiverse.io/assets/index-CF-y004k.js:24:34440)
    at E (https://uiverse.io/assets/index-CF-y004k.js:9:1562)
    at MessagePort.rt (https://uiverse.io/assets/index-CF-y004k.js:9:1930)
[    1065ms] Error: Minified React error #418; visit https://reactjs.org/docs/error-decoder.html?invariant=418 for the full message or use the non-minified dev environment for full errors and additional helpful warnings.
    at si (https://uiverse.io/assets/index-CF-y004k.js:22:4907)
    at ya (https://uiverse.io/assets/index-CF-y004k.js:24:45264)
    at va (https://uiverse.io/assets/index-CF-y004k.js:24:39499)
    at kf (https://uiverse.io/assets/index-CF-y004k.js:24:39430)
    at Qr (https://uiverse.io/assets/index-CF-y004k.js:24:39289)
    at da (https://uiverse.io/assets/index-CF-y004k.js:24:34440)
    at E (https://uiverse.io/assets/index-CF-y004k.js:9:1562)
    at MessagePort.rt (https://uiverse.io/assets/index-CF-y004k.js:9:1930)
[    1065ms] Error: Minified React error #418; visit https://reactjs.org/docs/error-decoder.html?invariant=418 for the full message or use the non-minified dev environment for full errors and additional helpful warnings.
    at si (https://uiverse.io/assets/index-CF-y004k.js:22:4907)
    at ya (https://uiverse.io/assets/index-CF-y004k.js:24:45264)
    at va (https://uiverse.io/assets/index-CF-y004k.js:24:39499)
    at kf (https://uiverse.io/assets/index-CF-y004k.js:24:39430)
    at Qr (https://uiverse.io/assets/index-CF-y004k.js:24:39289)
    at da (https://uiverse.io/assets/index-CF-y004k.js:24:34440)
    at E (https://uiverse.io/assets/index-CF-y004k.js:9:1562)
    at MessagePort.rt (https://uiverse.io/assets/index-CF-y004k.js:9:1930)
[    1065ms] Error: Minified React error #418; visit https://reactjs.org/docs/error-decoder.html?invariant=418 for the full message or use the non-minified dev environment for full errors and additional helpful warnings.
    at si (https://uiverse.io/assets/index-CF-y004k.js:22:4907)
    at ya (https://uiverse.io/assets/index-CF-y004k.js:24:45264)
    at va (https://uiverse.io/assets/index-CF-y004k.js:24:39499)
    at kf (https://uiverse.io/assets/index-CF-y004k.js:24:39430)
    at Qr (https://uiverse.io/assets/index-CF-y004k.js:24:39289)
    at da (https://uiverse.io/assets/index-CF-y004k.js:24:34440)
    at E (https://uiverse.io/assets/index-CF-y004k.js:9:1562)
    at MessagePort.rt (https://uiverse.io/assets/index-CF-y004k.js:9:1930)
[    1065ms] Error: Minified React error #418; visit https://reactjs.org/docs/error-decoder.html?invariant=418 for the full message or use the non-minified dev environment for full errors and additional helpful warnings.
    at si (https://uiverse.io/assets/index-CF-y004k.js:22:4907)
    at ya (https://uiverse.io/assets/index-CF-y004k.js:24:45264)
    at va (https://uiverse.io/assets/index-CF-y004k.js:24:39499)
    at kf (https://uiverse.io/assets/index-CF-y004k.js:24:39430)
    at Qr (https://uiverse.io/assets/index-CF-y004k.js:24:39289)
    at da (https://uiverse.io/assets/index-CF-y004k.js:24:34440)
    at E (https://uiverse.io/assets/index-CF-y004k.js:9:1562)
    at MessagePort.rt (https://uiverse.io/assets/index-CF-y004k.js:9:1930)
[    1065ms] Error: Minified React error #418; visit https://reactjs.org/docs/error-decoder.html?invariant=418 for the full message or use the non-minified dev environment for full errors and additional helpful warnings.
    at si (https://uiverse.io/assets/index-CF-y004k.js:22:4907)
    at ya (https://uiverse.io/assets/index-CF-y004k.js:24:45264)
    at va (https://uiverse.io/assets/index-CF-y004k.js:24:39499)
    at kf (https://uiverse.io/assets/index-CF-y004k.js:24:39430)
    at Qr (https://uiverse.io/assets/index-CF-y004k.js:24:39289)
    at da (https://uiverse.io/assets/index-CF-y004k.js:24:34440)
    at E (https://uiverse.io/assets/index-CF-y004k.js:9:1562)
    at MessagePort.rt (https://uiverse.io/assets/index-CF-y004k.js:9:1930)
[    1065ms] Error: Minified React error #418; visit https://reactjs.org/docs/error-decoder.html?invariant=418 for the full message or use the non-minified dev environment for full errors and additional helpful warnings.
    at si (https://uiverse.io/assets/index-CF-y004k.js:22:4907)
    at ya (https://uiverse.io/assets/index-CF-y004k.js:24:45264)
    at va (https://uiverse.io/assets/index-CF-y004k.js:24:39499)
    at kf (https://uiverse.io/assets/index-CF-y004k.js:24:39430)
    at Qr (https://uiverse.io/assets/index-CF-y004k.js:24:39289)
    at da (https://uiverse.io/assets/index-CF-y004k.js:24:34440)
    at E (https://uiverse.io/assets/index-CF-y004k.js:9:1562)
    at MessagePort.rt (https://uiverse.io/assets/index-CF-y004k.js:9:1930)
[    1065ms] Error: Minified React error #418; visit https://reactjs.org/docs/error-decoder.html?invariant=418 for the full message or use the non-minified dev environment for full errors and additional helpful warnings.
    at si (https://uiverse.io/assets/index-CF-y004k.js:22:4907)
    at ya (https://uiverse.io/assets/index-CF-y004k.js:24:45264)
    at va (https://uiverse.io/assets/index-CF-y004k.js:24:39499)
    at kf (https://uiverse.io/assets/index-CF-y004k.js:24:39430)
    at Qr (https://uiverse.io/assets/index-CF-y004k.js:24:39289)
    at da (https://uiverse.io/assets/index-CF-y004k.js:24:34440)
    at E (https://uiverse.io/assets/index-CF-y004k.js:9:1562)
    at MessagePort.rt (https://uiverse.io/assets/index-CF-y004k.js:9:1930)
[    1065ms] Error: Minified React error #418; visit https://reactjs.org/docs/error-decoder.html?invariant=418 for the full message or use the non-minified dev environment for full errors and additional helpful warnings.
    at si (https://uiverse.io/assets/index-CF-y004k.js:22:4907)
    at ya (https://uiverse.io/assets/index-CF-y004k.js:24:45264)
    at va (https://uiverse.io/assets/index-CF-y004k.js:24:39499)
    at kf (https://uiverse.io/assets/index-CF-y004k.js:24:39430)
    at Qr (https://uiverse.io/assets/index-CF-y004k.js:24:39289)
    at da (https://uiverse.io/assets/index-CF-y004k.js:24:34440)
    at E (https://uiverse.io/assets/index-CF-y004k.js:9:1562)
    at MessagePort.rt (https://uiverse.io/assets/index-CF-y004k.js:9:1930)
[    1065ms] Error: Minified React error #418; visit https://reactjs.org/docs/error-decoder.html?invariant=418 for the full message or use the non-minified dev environment for full errors and additional helpful warnings.
    at si (https://uiverse.io/assets/index-CF-y004k.js:22:4907)
    at ya (https://uiverse.io/assets/index-CF-y004k.js:24:45264)
    at va (https://uiverse.io/assets/index-CF-y004k.js:24:39499)
    at kf (https://uiverse.io/assets/index-CF-y004k.js:24:39430)
    at Qr (https://uiverse.io/assets/index-CF-y004k.js:24:39289)
    at da (https://uiverse.io/assets/index-CF-y004k.js:24:34440)
    at E (https://uiverse.io/assets/index-CF-y004k.js:9:1562)
    at MessagePort.rt (https://uiverse.io/assets/index-CF-y004k.js:9:1930)
[    1065ms] Error: Minified React error #418; visit https://reactjs.org/docs/error-decoder.html?invariant=418 for the full message or use the non-minified dev environment for full errors and additional helpful warnings.
    at si (https://uiverse.io/assets/index-CF-y004k.js:22:4907)
    at ya (https://uiverse.io/assets/index-CF-y004k.js:24:45264)
    at va (https://uiverse.io/assets/index-CF-y004k.js:24:39499)
    at kf (https://uiverse.io/assets/index-CF-y004k.js:24:39430)
    at Qr (https://uiverse.io/assets/index-CF-y004k.js:24:39289)
    at da (https://uiverse.io/assets/index-CF-y004k.js:24:34440)
    at E (https://uiverse.io/assets/index-CF-y004k.js:9:1562)
    at MessagePort.rt (https://uiverse.io/assets/index-CF-y004k.js:9:1930)
[    1065ms] Error: Minified React error #418; visit https://reactjs.org/docs/error-decoder.html?invariant=418 for the full message or use the non-minified dev environment for full errors and additional helpful warnings.
    at si (https://uiverse.io/assets/index-CF-y004k.js:22:4907)
    at ya (https://uiverse.io/assets/index-CF-y004k.js:24:45264)
    at va (https://uiverse.io/assets/index-CF-y004k.js:24:39499)
    at kf (https://uiverse.io/assets/index-CF-y004k.js:24:39430)
    at Qr (https://uiverse.io/assets/index-CF-y004k.js:24:39289)
    at da (https://uiverse.io/assets/index-CF-y004k.js:24:34440)
    at E (https://uiverse.io/assets/index-CF-y004k.js:9:1562)
    at MessagePort.rt (https://uiverse.io/assets/index-CF-y004k.js:9:1930)
[    1065ms] Error: Minified React error #418; visit https://reactjs.org/docs/error-decoder.html?invariant=418 for the full message or use the non-minified dev environment for full errors and additional helpful warnings.
    at si (https://uiverse.io/assets/index-CF-y004k.js:22:4907)
    at ya (https://uiverse.io/assets/index-CF-y004k.js:24:45264)
    at va (https://uiverse.io/assets/index-CF-y004k.js:24:39499)
    at kf (https://uiverse.io/assets/index-CF-y004k.js:24:39430)
    at Qr (https://uiverse.io/assets/index-CF-y004k.js:24:39289)
    at da (https://uiverse.io/assets/index-CF-y004k.js:24:34440)
    at E (https://uiverse.io/assets/index-CF-y004k.js:9:1562)
    at MessagePort.rt (https://uiverse.io/assets/index-CF-y004k.js:9:1930)
[    1065ms] Error: Minified React error #418; visit https://reactjs.org/docs/error-decoder.html?invariant=418 for the full message or use the non-minified dev environment for full errors and additional helpful warnings.
    at si (https://uiverse.io/assets/index-CF-y004k.js:22:4907)
    at ya (https://uiverse.io/assets/index-CF-y004k.js:24:45264)
    at va (https://uiverse.io/assets/index-CF-y004k.js:24:39499)
    at kf (https://uiverse.io/assets/index-CF-y004k.js:24:39430)
    at Qr (https://uiverse.io/assets/index-CF-y004k.js:24:39289)
    at da (https://uiverse.io/assets/index-CF-y004k.js:24:34440)
    at E (https://uiverse.io/assets/index-CF-y004k.js:9:1562)
    at MessagePort.rt (https://uiverse.io/assets/index-CF-y004k.js:9:1930)
[    1066ms] Error: Minified React error #418; visit https://reactjs.org/docs/error-decoder.html?invariant=418 for the full message or use the non-minified dev environment for full errors and additional helpful warnings.
    at si (https://uiverse.io/assets/index-CF-y004k.js:22:4907)
    at ya (https://uiverse.io/assets/index-CF-y004k.js:24:45264)
    at va (https://uiverse.io/assets/index-CF-y004k.js:24:39499)
    at kf (https://uiverse.io/assets/index-CF-y004k.js:24:39430)
    at Qr (https://uiverse.io/assets/index-CF-y004k.js:24:39289)
    at da (https://uiverse.io/assets/index-CF-y004k.js:24:34440)
    at E (https://uiverse.io/assets/index-CF-y004k.js:9:1562)
    at MessagePort.rt (https://uiverse.io/assets/index-CF-y004k.js:9:1930)
[    1066ms] Error: Minified React error #418; visit https://reactjs.org/docs/error-decoder.html?invariant=418 for the full message or use the non-minified dev environment for full errors and additional helpful warnings.
    at si (https://uiverse.io/assets/index-CF-y004k.js:22:4907)
    at ya (https://uiverse.io/assets/index-CF-y004k.js:24:45264)
    at va (https://uiverse.io/assets/index-CF-y004k.js:24:39499)
    at kf (https://uiverse.io/assets/index-CF-y004k.js:24:39430)
    at Qr (https://uiverse.io/assets/index-CF-y004k.js:24:39289)
    at da (https://uiverse.io/assets/index-CF-y004k.js:24:34440)
    at E (https://uiverse.io/assets/index-CF-y004k.js:9:1562)
    at MessagePort.rt (https://uiverse.io/assets/index-CF-y004k.js:9:1930)
[    1066ms] Error: Minified React error #418; visit https://reactjs.org/docs/error-decoder.html?invariant=418 for the full message or use the non-minified dev environment for full errors and additional helpful warnings.
    at si (https://uiverse.io/assets/index-CF-y004k.js:22:4907)
    at ya (https://uiverse.io/assets/index-CF-y004k.js:24:45264)
    at va (https://uiverse.io/assets/index-CF-y004k.js:24:39499)
    at kf (https://uiverse.io/assets/index-CF-y004k.js:24:39430)
    at Qr (https://uiverse.io/assets/index-CF-y004k.js:24:39289)
    at da (https://uiverse.io/assets/index-CF-y004k.js:24:34440)
    at E (https://uiverse.io/assets/index-CF-y004k.js:9:1562)
    at MessagePort.rt (https://uiverse.io/assets/index-CF-y004k.js:9:1930)
[    1068ms] Error: Minified React error #418; visit https://reactjs.org/docs/error-decoder.html?invariant=418 for the full message or use the non-minified dev environment for full errors and additional helpful warnings.
    at si (https://uiverse.io/assets/index-CF-y004k.js:22:4907)
    at ya (https://uiverse.io/assets/index-CF-y004k.js:24:45264)
    at va (https://uiverse.io/assets/index-CF-y004k.js:24:39499)
    at kf (https://uiverse.io/assets/index-CF-y004k.js:24:39430)
    at Qr (https://uiverse.io/assets/index-CF-y004k.js:24:39289)
    at da (https://uiverse.io/assets/index-CF-y004k.js:24:34440)
    at E (https://uiverse.io/assets/index-CF-y004k.js:9:1562)
    at MessagePort.rt (https://uiverse.io/assets/index-CF-y004k.js:9:1930)
[    1068ms] Error: Minified React error #418; visit https://reactjs.org/docs/error-decoder.html?invariant=418 for the full message or use the non-minified dev environment for full errors and additional helpful warnings.
    at si (https://uiverse.io/assets/index-CF-y004k.js:22:4907)
    at ya (https://uiverse.io/assets/index-CF-y004k.js:24:45264)
    at va (https://uiverse.io/assets/index-CF-y004k.js:24:39499)
    at kf (https://uiverse.io/assets/index-CF-y004k.js:24:39430)
    at Qr (https://uiverse.io/assets/index-CF-y004k.js:24:39289)
    at da (https://uiverse.io/assets/index-CF-y004k.js:24:34440)
    at E (https://uiverse.io/assets/index-CF-y004k.js:9:1562)
    at MessagePort.rt (https://uiverse.io/assets/index-CF-y004k.js:9:1930)
[    1068ms] Error: Minified React error #418; visit https://reactjs.org/docs/error-decoder.html?invariant=418 for the full message or use the non-minified dev environment for full errors and additional helpful warnings.
    at si (https://uiverse.io/assets/index-CF-y004k.js:22:4907)
    at ya (https://uiverse.io/assets/index-CF-y004k.js:24:45264)
    at va (https://uiverse.io/assets/index-CF-y004k.js:24:39499)
    at kf (https://uiverse.io/assets/index-CF-y004k.js:24:39430)
    at Qr (https://uiverse.io/assets/index-CF-y004k.js:24:39289)
    at da (https://uiverse.io/assets/index-CF-y004k.js:24:34440)
    at E (https://uiverse.io/assets/index-CF-y004k.js:9:1562)
    at MessagePort.rt (https://uiverse.io/assets/index-CF-y004k.js:9:1930)
[    1068ms] Error: Minified React error #418; visit https://reactjs.org/docs/error-decoder.html?invariant=418 for the full message or use the non-minified dev environment for full errors and additional helpful warnings.
    at si (https://uiverse.io/assets/index-CF-y004k.js:22:4907)
    at ya (https://uiverse.io/assets/index-CF-y004k.js:24:45264)
    at va (https://uiverse.io/assets/index-CF-y004k.js:24:39499)
    at kf (https://uiverse.io/assets/index-CF-y004k.js:24:39430)
    at Qr (https://uiverse.io/assets/index-CF-y004k.js:24:39289)
    at da (https://uiverse.io/assets/index-CF-y004k.js:24:34440)
    at E (https://uiverse.io/assets/index-CF-y004k.js:9:1562)
    at MessagePort.rt (https://uiverse.io/assets/index-CF-y004k.js:9:1930)
[    1068ms] Error: Minified React error #418; visit https://reactjs.org/docs/error-decoder.html?invariant=418 for the full message or use the non-minified dev environment for full errors and additional helpful warnings.
    at si (https://uiverse.io/assets/index-CF-y004k.js:22:4907)
    at ya (https://uiverse.io/assets/index-CF-y004k.js:24:45264)
    at va (https://uiverse.io/assets/index-CF-y004k.js:24:39499)
    at kf (https://uiverse.io/assets/index-CF-y004k.js:24:39430)
    at Qr (https://uiverse.io/assets/index-CF-y004k.js:24:39289)
    at da (https://uiverse.io/assets/index-CF-y004k.js:24:34440)
    at E (https://uiverse.io/assets/index-CF-y004k.js:9:1562)
    at MessagePort.rt (https://uiverse.io/assets/index-CF-y004k.js:9:1930)
[    1068ms] Error: Minified React error #418; visit https://reactjs.org/docs/error-decoder.html?invariant=418 for the full message or use the non-minified dev environment for full errors and additional helpful warnings.
    at si (https://uiverse.io/assets/index-CF-y004k.js:22:4907)
    at ya (https://uiverse.io/assets/index-CF-y004k.js:24:45264)
    at va (https://uiverse.io/assets/index-CF-y004k.js:24:39499)
    at kf (https://uiverse.io/assets/index-CF-y004k.js:24:39430)
    at Qr (https://uiverse.io/assets/index-CF-y004k.js:24:39289)
    at da (https://uiverse.io/assets/index-CF-y004k.js:24:34440)
    at E (https://uiverse.io/assets/index-CF-y004k.js:9:1562)
    at MessagePort.rt (https://uiverse.io/assets/index-CF-y004k.js:9:1930)
[    1068ms] Error: Minified React error #418; visit https://reactjs.org/docs/error-decoder.html?invariant=418 for the full message or use the non-minified dev environment for full errors and additional helpful warnings.
    at si (https://uiverse.io/assets/index-CF-y004k.js:22:4907)
    at ya (https://uiverse.io/assets/index-CF-y004k.js:24:45264)
    at va (https://uiverse.io/assets/index-CF-y004k.js:24:39499)
    at kf (https://uiverse.io/assets/index-CF-y004k.js:24:39430)
    at Qr (https://uiverse.io/assets/index-CF-y004k.js:24:39289)
    at da (https://uiverse.io/assets/index-CF-y004k.js:24:34440)
    at E (https://uiverse.io/assets/index-CF-y004k.js:9:1562)
    at MessagePort.rt (https://uiverse.io/assets/index-CF-y004k.js:9:1930)
[    1068ms] Error: Minified React error #418; visit https://reactjs.org/docs/error-decoder.html?invariant=418 for the full message or use the non-minified dev environment for full errors and additional helpful warnings.
    at si (https://uiverse.io/assets/index-CF-y004k.js:22:4907)
    at ya (https://uiverse.io/assets/index-CF-y004k.js:24:45264)
    at va (https://uiverse.io/assets/index-CF-y004k.js:24:39499)
    at kf (https://uiverse.io/assets/index-CF-y004k.js:24:39430)
    at Qr (https://uiverse.io/assets/index-CF-y004k.js:24:39289)
    at da (https://uiverse.io/assets/index-CF-y004k.js:24:34440)
    at E (https://uiverse.io/assets/index-CF-y004k.js:9:1562)
    at MessagePort.rt (https://uiverse.io/assets/index-CF-y004k.js:9:1930)
[    1068ms] Error: Minified React error #418; visit https://reactjs.org/docs/error-decoder.html?invariant=418 for the full message or use the non-minified dev environment for full errors and additional helpful warnings.
    at si (https://uiverse.io/assets/index-CF-y004k.js:22:4907)
    at ya (https://uiverse.io/assets/index-CF-y004k.js:24:45264)
    at va (https://uiverse.io/assets/index-CF-y004k.js:24:39499)
    at kf (https://uiverse.io/assets/index-CF-y004k.js:24:39430)
    at Qr (https://uiverse.io/assets/index-CF-y004k.js:24:39289)
    at da (https://uiverse.io/assets/index-CF-y004k.js:24:34440)
    at E (https://uiverse.io/assets/index-CF-y004k.js:9:1562)
    at MessagePort.rt (https://uiverse.io/assets/index-CF-y004k.js:9:1930)
[    1068ms] Error: Minified React error #418; visit https://reactjs.org/docs/error-decoder.html?invariant=418 for the full message or use the non-minified dev environment for full errors and additional helpful warnings.
    at si (https://uiverse.io/assets/index-CF-y004k.js:22:4907)
    at ya (https://uiverse.io/assets/index-CF-y004k.js:24:45264)
    at va (https://uiverse.io/assets/index-CF-y004k.js:24:39499)
    at kf (https://uiverse.io/assets/index-CF-y004k.js:24:39430)
    at Qr (https://uiverse.io/assets/index-CF-y004k.js:24:39289)
    at da (https://uiverse.io/assets/index-CF-y004k.js:24:34440)
    at E (https://uiverse.io/assets/index-CF-y004k.js:9:1562)
    at MessagePort.rt (https://uiverse.io/assets/index-CF-y004k.js:9:1930)
[    1068ms] Error: Minified React error #418; visit https://reactjs.org/docs/error-decoder.html?invariant=418 for the full message or use the non-minified dev environment for full errors and additional helpful warnings.
    at si (https://uiverse.io/assets/index-CF-y004k.js:22:4907)
    at ya (https://uiverse.io/assets/index-CF-y004k.js:24:45264)
    at va (https://uiverse.io/assets/index-CF-y004k.js:24:39499)
    at kf (https://uiverse.io/assets/index-CF-y004k.js:24:39430)
    at Qr (https://uiverse.io/assets/index-CF-y004k.js:24:39289)
    at da (https://uiverse.io/assets/index-CF-y004k.js:24:34440)
    at E (https://uiverse.io/assets/index-CF-y004k.js:9:1562)
    at MessagePort.rt (https://uiverse.io/assets/index-CF-y004k.js:9:1930)
[    1068ms] Error: Minified React error #418; visit https://reactjs.org/docs/error-decoder.html?invariant=418 for the full message or use the non-minified dev environment for full errors and additional helpful warnings.
    at si (https://uiverse.io/assets/index-CF-y004k.js:22:4907)
    at ya (https://uiverse.io/assets/index-CF-y004k.js:24:45264)
    at va (https://uiverse.io/assets/index-CF-y004k.js:24:39499)
    at kf (https://uiverse.io/assets/index-CF-y004k.js:24:39430)
    at Qr (https://uiverse.io/assets/index-CF-y004k.js:24:39289)
    at da (https://uiverse.io/assets/index-CF-y004k.js:24:34440)
    at E (https://uiverse.io/assets/index-CF-y004k.js:9:1562)
    at MessagePort.rt (https://uiverse.io/assets/index-CF-y004k.js:9:1930)
[    1068ms] Error: Minified React error #418; visit https://reactjs.org/docs/error-decoder.html?invariant=418 for the full message or use the non-minified dev environment for full errors and additional helpful warnings.
    at si (https://uiverse.io/assets/index-CF-y004k.js:22:4907)
    at ya (https://uiverse.io/assets/index-CF-y004k.js:24:45264)
    at va (https://uiverse.io/assets/index-CF-y004k.js:24:39499)
    at kf (https://uiverse.io/assets/index-CF-y004k.js:24:39430)
    at Qr (https://uiverse.io/assets/index-CF-y004k.js:24:39289)
    at da (https://uiverse.io/assets/index-CF-y004k.js:24:34440)
    at E (https://uiverse.io/assets/index-CF-y004k.js:9:1562)
    at MessagePort.rt (https://uiverse.io/assets/index-CF-y004k.js:9:1930)
[    1068ms] Error: Minified React error #418; visit https://reactjs.org/docs/error-decoder.html?invariant=418 for the full message or use the non-minified dev environment for full errors and additional helpful warnings.
    at si (https://uiverse.io/assets/index-CF-y004k.js:22:4907)
    at ya (https://uiverse.io/assets/index-CF-y004k.js:24:45264)
    at va (https://uiverse.io/assets/index-CF-y004k.js:24:39499)
    at kf (https://uiverse.io/assets/index-CF-y004k.js:24:39430)
    at Qr (https://uiverse.io/assets/index-CF-y004k.js:24:39289)
    at da (https://uiverse.io/assets/index-CF-y004k.js:24:34440)
    at E (https://uiverse.io/assets/index-CF-y004k.js:9:1562)
    at MessagePort.rt (https://uiverse.io/assets/index-CF-y004k.js:9:1930)
[    1068ms] Error: Minified React error #418; visit https://reactjs.org/docs/error-decoder.html?invariant=418 for the full message or use the non-minified dev environment for full errors and additional helpful warnings.
    at si (https://uiverse.io/assets/index-CF-y004k.js:22:4907)
    at ya (https://uiverse.io/assets/index-CF-y004k.js:24:45264)
    at va (https://uiverse.io/assets/index-CF-y004k.js:24:39499)
    at kf (https://uiverse.io/assets/index-CF-y004k.js:24:39430)
    at Qr (https://uiverse.io/assets/index-CF-y004k.js:24:39289)
    at da (https://uiverse.io/assets/index-CF-y004k.js:24:34440)
    at E (https://uiverse.io/assets/index-CF-y004k.js:9:1562)
    at MessagePort.rt (https://uiverse.io/assets/index-CF-y004k.js:9:1930)
[    1068ms] Error: Minified React error #418; visit https://reactjs.org/docs/error-decoder.html?invariant=418 for the full message or use the non-minified dev environment for full errors and additional helpful warnings.
    at si (https://uiverse.io/assets/index-CF-y004k.js:22:4907)
    at ya (https://uiverse.io/assets/index-CF-y004k.js:24:45264)
    at va (https://uiverse.io/assets/index-CF-y004k.js:24:39499)
    at kf (https://uiverse.io/assets/index-CF-y004k.js:24:39430)
    at Qr (https://uiverse.io/assets/index-CF-y004k.js:24:39289)
    at da (https://uiverse.io/assets/index-CF-y004k.js:24:34440)
    at E (https://uiverse.io/assets/index-CF-y004k.js:9:1562)
    at MessagePort.rt (https://uiverse.io/assets/index-CF-y004k.js:9:1930)
[    1068ms] Error: Minified React error #418; visit https://reactjs.org/docs/error-decoder.html?invariant=418 for the full message or use the non-minified dev environment for full errors and additional helpful warnings.
    at si (https://uiverse.io/assets/index-CF-y004k.js:22:4907)
    at ya (https://uiverse.io/assets/index-CF-y004k.js:24:45264)
    at va (https://uiverse.io/assets/index-CF-y004k.js:24:39499)
    at kf (https://uiverse.io/assets/index-CF-y004k.js:24:39430)
    at Qr (https://uiverse.io/assets/index-CF-y004k.js:24:39289)
    at da (https://uiverse.io/assets/index-CF-y004k.js:24:34440)
    at E (https://uiverse.io/assets/index-CF-y004k.js:9:1562)
    at MessagePort.rt (https://uiverse.io/assets/index-CF-y004k.js:9:1930)
[    1068ms] Error: Minified React error #418; visit https://reactjs.org/docs/error-decoder.html?invariant=418 for the full message or use the non-minified dev environment for full errors and additional helpful warnings.
    at si (https://uiverse.io/assets/index-CF-y004k.js:22:4907)
    at ya (https://uiverse.io/assets/index-CF-y004k.js:24:45264)
    at va (https://uiverse.io/assets/index-CF-y004k.js:24:39499)
    at kf (https://uiverse.io/assets/index-CF-y004k.js:24:39430)
    at Qr (https://uiverse.io/assets/index-CF-y004k.js:24:39289)
    at da (https://uiverse.io/assets/index-CF-y004k.js:24:34440)
    at E (https://uiverse.io/assets/index-CF-y004k.js:9:1562)
    at MessagePort.rt (https://uiverse.io/assets/index-CF-y004k.js:9:1930)
[    1069ms] Error: Minified React error #423; visit https://reactjs.org/docs/error-decoder.html?invariant=423 for the full message or use the non-minified dev environment for full errors and additional helpful warnings.
    at ya (https://uiverse.io/assets/index-CF-y004k.js:24:44924)
    at va (https://uiverse.io/assets/index-CF-y004k.js:24:39499)
    at kf (https://uiverse.io/assets/index-CF-y004k.js:24:39430)
    at Qr (https://uiverse.io/assets/index-CF-y004k.js:24:39289)
    at xi (https://uiverse.io/assets/index-CF-y004k.js:24:35710)
    at da (https://uiverse.io/assets/index-CF-y004k.js:24:34666)
    at E (https://uiverse.io/assets/index-CF-y004k.js:9:1562)
    at MessagePort.rt (https://uiverse.io/assets/index-CF-y004k.js:9:1930)
[    1968ms] [WARNING] [Ads] EthicalAds fallback to Carbon @ https://uiverse.io/assets/root-D9W6nBO_.js:12
[    1969ms] [TABLE] [Object] @ https://uiverse.io/assets/root-D9W6nBO_.js:12
[    2259ms] [ERROR] Failed to load resource: the server responded with a status of 404 () @ https://pbs.twimg.com/profile_images/1601555062542766093/CGQyiJZp_normal.png:0
[    2512ms] [ERROR] Failed to load resource: the server responded with a status of 403 () @ https://cdn.api.btloader.com/device?orgid=5102648370397184&platformVersion=10.0.0&fullVersionList=%5B%7B%22brand%22%3A%22Google+Chrome%22%2C%22version%22%3A%22149.0.7827.200%22%7D%2C%7B%22brand%22%3A%22Chromium%22%2C%22version%22%3A%22149.0.7827.200%22%7D%2C%7B%22brand%22%3A%22Not%29A%3BBrand%22%2C%22version%22%3A%2224.0.0.0%22%7D%5D&upapi=true:0
[    2658ms] [WARNING] [GPT] PubAdsService.enableSingleRequest is deprecated, use googletag.setConfig({singleRequest: ...}) instead.
https://goo.gle/gpt-message#170 @ https://securepubads.g.doubleclick.net/pagead/managed/js/gpt/m202606230101/pubads_impl.js:18
[    3250ms] [ERROR] Access to fetch at 'https://prebid.smilewanted.com/' from origin 'https://uiverse.io' has been blocked by CORS policy: The value of the 'Access-Control-Allow-Origin' header in the response must not be the wildcard '*' when the request's credentials mode is 'include'. @ https://uiverse.io/kennyotsu/fresh-lizard-20:0
[    3250ms] [ERROR] Failed to load resource: net::ERR_FAILED @ https://prebid.smilewanted.com/:0
[    3451ms] [ERROR] Access to fetch at 'https://hb-api.omnitagjs.com/hb-api/prebid/v1?RefererUrl=https%3A%2F%2Fuiverse.io%2Fkennyotsu%2Ffresh-lizard-20&PageUrl=https%3A%2F%2Fuiverse.io%2Fkennyotsu%2Ffresh-lizard-20&PageReferrer=https%3A%2F%2Fuiverse.io%2Fkennyotsu%2Ffresh-lizard-20' from origin 'https://uiverse.io' has been blocked by CORS policy: No 'Access-Control-Allow-Origin' header is present on the requested resource. @ https://uiverse.io/kennyotsu/fresh-lizard-20:0
[    3452ms] [ERROR] Failed to load resource: net::ERR_FAILED @ https://hb-api.omnitagjs.com/hb-api/prebid/v1?RefererUrl=https%3A%2F%2Fuiverse.io%2Fkennyotsu%2Ffresh-lizard-20&PageUrl=https%3A%2F%2Fuiverse.io%2Fkennyotsu%2Ffresh-lizard-20&PageReferrer=https%3A%2F%2Fuiverse.io%2Fkennyotsu%2Ffresh-lizard-20:0
[    4286ms] [WARNING] [GPT] Slot.setTargeting is deprecated, use Slot.setConfig({targeting: ...}) instead.
https://goo.gle/gpt-message#171 @ https://securepubads.g.doubleclick.net/pagead/managed/js/gpt/m202606230101/pubads_impl.js:18
[    5273ms] [ERROR] Access to fetch at 'https://prebid.smilewanted.com/' from origin 'https://uiverse.io' has been blocked by CORS policy: The value of the 'Access-Control-Allow-Origin' header in the response must not be the wildcard '*' when the request's credentials mode is 'include'. @ https://uiverse.io/kennyotsu/fresh-lizard-20:0
[    5273ms] [ERROR] Failed to load resource: net::ERR_FAILED @ https://prebid.smilewanted.com/:0
[    5517ms] [ERROR] Access to fetch at 'https://hb-api.omnitagjs.com/hb-api/prebid/v1?RefererUrl=https%3A%2F%2Fuiverse.io%2Fkennyotsu%2Ffresh-lizard-20&PageUrl=https%3A%2F%2Fuiverse.io%2Fkennyotsu%2Ffresh-lizard-20&PageReferrer=https%3A%2F%2Fuiverse.io%2Fkennyotsu%2Ffresh-lizard-20' from origin 'https://uiverse.io' has been blocked by CORS policy: No 'Access-Control-Allow-Origin' header is present on the requested resource. @ https://uiverse.io/kennyotsu/fresh-lizard-20:0
[    5517ms] [ERROR] Failed to load resource: net::ERR_FAILED @ https://hb-api.omnitagjs.com/hb-api/prebid/v1?RefererUrl=https%3A%2F%2Fuiverse.io%2Fkennyotsu%2Ffresh-lizard-20&PageUrl=https%3A%2F%2Fuiverse.io%2Fkennyotsu%2Ffresh-lizard-20&PageReferrer=https%3A%2F%2Fuiverse.io%2Fkennyotsu%2Ffresh-lizard-20:0
[    7944ms] [ERROR] Failed to load resource: the server responded with a status of 403 () @ chrome-error://chromewebdata/:0
[    7989ms] [ERROR] Refused to display 'https://csync-apac.smilewanted.com/' in a frame because it set 'X-Frame-Options' to 'sameorigin'. @ chrome-error://chromewebdata/:0
[    9395ms] [ERROR] Failed to load resource: net::ERR_CONNECTION_CLOSED @ https://pxl.iqm.com/i/ck/equativ?cid=SMART_USER_ID&redir=https%3A%2F%2Frtb-csync.smartadserver.com%2Fredir%2F%3Fissi%3D1%26partnerid%3D154%26partneruserid%3D%7BIQM_COOKIE%7D:0
[   31366ms] [ERROR] Access to fetch at 'https://prebid.smilewanted.com/' from origin 'https://uiverse.io' has been blocked by CORS policy: The value of the 'Access-Control-Allow-Origin' header in the response must not be the wildcard '*' when the request's credentials mode is 'include'. @ https://uiverse.io/kennyotsu/fresh-lizard-20:0
[   31367ms] [ERROR] Failed to load resource: net::ERR_FAILED @ https://prebid.smilewanted.com/:0
[   31581ms] [ERROR] Access to fetch at 'https://hb-api.omnitagjs.com/hb-api/prebid/v1?RefererUrl=https%3A%2F%2Fuiverse.io%2Fkennyotsu%2Ffresh-lizard-20&PageUrl=https%3A%2F%2Fuiverse.io%2Fkennyotsu%2Ffresh-lizard-20&PageReferrer=https%3A%2F%2Fuiverse.io%2Fkennyotsu%2Ffresh-lizard-20' from origin 'https://uiverse.io' has been blocked by CORS policy: No 'Access-Control-Allow-Origin' header is present on the requested resource. @ https://uiverse.io/kennyotsu/fresh-lizard-20:0
[   31581ms] [ERROR] Failed to load resource: net::ERR_FAILED @ https://hb-api.omnitagjs.com/hb-api/prebid/v1?RefererUrl=https%3A%2F%2Fuiverse.io%2Fkennyotsu%2Ffresh-lizard-20&PageUrl=https%3A%2F%2Fuiverse.io%2Fkennyotsu%2Ffresh-lizard-20&PageReferrer=https%3A%2F%2Fuiverse.io%2Fkennyotsu%2Ffresh-lizard-20:0
[   57365ms] [ERROR] Access to fetch at 'https://prebid.smilewanted.com/' from origin 'https://uiverse.io' has been blocked by CORS policy: The value of the 'Access-Control-Allow-Origin' header in the response must not be the wildcard '*' when the request's credentials mode is 'include'. @ https://uiverse.io/kennyotsu/fresh-lizard-20:0
[   57365ms] [ERROR] Failed to load resource: net::ERR_FAILED @ https://prebid.smilewanted.com/:0
[   57577ms] [ERROR] Access to fetch at 'https://hb-api.omnitagjs.com/hb-api/prebid/v1?RefererUrl=https%3A%2F%2Fuiverse.io%2Fkennyotsu%2Ffresh-lizard-20&PageUrl=https%3A%2F%2Fuiverse.io%2Fkennyotsu%2Ffresh-lizard-20&PageReferrer=https%3A%2F%2Fuiverse.io%2Fkennyotsu%2Ffresh-lizard-20' from origin 'https://uiverse.io' has been blocked by CORS policy: No 'Access-Control-Allow-Origin' header is present on the requested resource. @ https://uiverse.io/kennyotsu/fresh-lizard-20:0
[   57577ms] [ERROR] Failed to load resource: net::ERR_FAILED @ https://hb-api.omnitagjs.com/hb-api/prebid/v1?RefererUrl=https%3A%2F%2Fuiverse.io%2Fkennyotsu%2Ffresh-lizard-20&PageUrl=https%3A%2F%2Fuiverse.io%2Fkennyotsu%2Ffresh-lizard-20&PageReferrer=https%3A%2F%2Fuiverse.io%2Fkennyotsu%2Ffresh-lizard-20:0
[   83409ms] [ERROR] Access to fetch at 'https://prebid.smilewanted.com/' from origin 'https://uiverse.io' has been blocked by CORS policy: The value of the 'Access-Control-Allow-Origin' header in the response must not be the wildcard '*' when the request's credentials mode is 'include'. @ https://uiverse.io/kennyotsu/fresh-lizard-20:0
[   83410ms] [ERROR] Failed to load resource: net::ERR_FAILED @ https://prebid.smilewanted.com/:0
[   83784ms] [ERROR] Access to fetch at 'https://hb-api.omnitagjs.com/hb-api/prebid/v1?RefererUrl=https%3A%2F%2Fuiverse.io%2Fkennyotsu%2Ffresh-lizard-20&PageUrl=https%3A%2F%2Fuiverse.io%2Fkennyotsu%2Ffresh-lizard-20&PageReferrer=https%3A%2F%2Fuiverse.io%2Fkennyotsu%2Ffresh-lizard-20' from origin 'https://uiverse.io' has been blocked by CORS policy: No 'Access-Control-Allow-Origin' header is present on the requested resource. @ https://uiverse.io/kennyotsu/fresh-lizard-20:0
[   83784ms] [ERROR] Failed to load resource: net::ERR_FAILED @ https://hb-api.omnitagjs.com/hb-api/prebid/v1?RefererUrl=https%3A%2F%2Fuiverse.io%2Fkennyotsu%2Ffresh-lizard-20&PageUrl=https%3A%2F%2Fuiverse.io%2Fkennyotsu%2Ffresh-lizard-20&PageReferrer=https%3A%2F%2Fuiverse.io%2Fkennyotsu%2Ffresh-lizard-20:0
